{"C:\\Users\\Sandra\\Desktop\\pig-dice-MB\\src\\player.js": {"path":"C:\\Users\\Sandra\\Desktop\\pig-dice-MB\\src\\player.js","statementMap":{"0":{"start":{"line":2,"column":2},"end":{"line":2,"column":19}},"1":{"start":{"line":3,"column":2},"end":{"line":3,"column":21}},"2":{"start":{"line":4,"column":2},"end":{"line":4,"column":19}},"3":{"start":{"line":7,"column":0},"end":{"line":9,"column":2}},"4":{"start":{"line":8,"column":2},"end":{"line":8,"column":32}},"5":{"start":{"line":11,"column":0},"end":{"line":16,"column":2}},"6":{"start":{"line":12,"column":2},"end":{"line":14,"column":3}},"7":{"start":{"line":13,"column":4},"end":{"line":13,"column":16}},"8":{"start":{"line":15,"column":2},"end":{"line":15,"column":15}}},"fnMap":{"0":{"name":"Player","decl":{"start":{"line":1,"column":24},"end":{"line":1,"column":30}},"loc":{"start":{"line":1,"column":50},"end":{"line":5,"column":1}},"line":1},"1":{"name":"(anonymous_1)","decl":{"start":{"line":7,"column":28},"end":{"line":7,"column":29}},"loc":{"start":{"line":7,"column":54},"end":{"line":9,"column":1}},"line":7},"2":{"name":"(anonymous_2)","decl":{"start":{"line":11,"column":32},"end":{"line":11,"column":33}},"loc":{"start":{"line":11,"column":43},"end":{"line":16,"column":1}},"line":11}},"branchMap":{"0":{"loc":{"start":{"line":12,"column":2},"end":{"line":14,"column":3}},"type":"if","locations":[{"start":{"line":12,"column":2},"end":{"line":14,"column":3}},{"start":{"line":12,"column":2},"end":{"line":14,"column":3}}],"line":12}},"s":{"0":1,"1":1,"2":1,"3":1,"4":0,"5":1,"6":0,"7":0,"8":0},"f":{"0":1,"1":0,"2":0},"b":{"0":[0,0]},"_coverageSchema":"43e27e138ebf9cfc5966b082cf9a028302ed4184","hash":"9a2f930b27ac7ffbc04643a24a66b082cd870090"}
}
